<?xml version="1.0" encoding="UTF-8"?>
<!-- Generated by org.testng.reporters.JUnitReportReporter -->
<testsuite ignored="0" hostname="Notebook291" failures="0" tests="1" name="Pruebas.Laboratorio5_E2" time="0.090" errors="0" timestamp="26 feb. 2025 00:31:04 GMT" skipped="0">
  <testcase classname="Pruebas.Laboratorio5_E2" name="cargarArchivo" time="0.090"/>
</testsuite> <!-- Pruebas.Laboratorio5_E2 -->
