<?xml version="1.0" encoding="UTF-8"?>
<!-- Generated by org.testng.reporters.JUnitReportReporter -->
<testsuite ignored="0" hostname="Notebook291" failures="0" tests="3" name="Pruebas.Laboratorio5_E1" time="2.297" errors="0" timestamp="25 feb. 2025 22:57:50 GMT" skipped="0">
  <testcase classname="Pruebas.Laboratorio5_E1" name="irRegistroLogin" time="0.695"/>
  <testcase classname="Pruebas.Laboratorio5_E1" name="irRegistroLogin" time="0.873"/>
  <testcase classname="Pruebas.Laboratorio5_E1" name="irRegistroLogin" time="0.729"/>
</testsuite> <!-- Pruebas.Laboratorio5_E1 -->
