<?xml version="1.0" encoding="UTF-8"?>
<!-- Generated by org.testng.reporters.JUnitReportReporter -->
<testsuite ignored="0" hostname="Notebook291" failures="0" tests="1" name="Pruebas.Laboratorio6_E2" time="1.277" errors="0" timestamp="27 feb. 2025 23:30:57 GMT" skipped="0">
  <testcase classname="Pruebas.Laboratorio6_E2" name="verNavegadorIncognito" time="1.277"/>
</testsuite> <!-- Pruebas.Laboratorio6_E2 -->
