<?xml version="1.0" encoding="UTF-8"?>
<!-- Generated by org.testng.reporters.JUnitReportReporter -->
<testsuite ignored="0" hostname="Notebook291" failures="0" tests="1" name="Pruebas.Laboratorio4_E1" time="0.841" errors="0" timestamp="21 feb. 2025 01:30:25 GMT" skipped="0">
  <testcase classname="Pruebas.Laboratorio4_E1" name="irRegistroLogin" time="0.841"/>
</testsuite> <!-- Pruebas.Laboratorio4_E1 -->
