<?xml version="1.0" encoding="UTF-8"?>
<!-- Generated by org.testng.reporters.JUnitReportReporter -->
<testsuite ignored="0" hostname="Notebook291" failures="0" tests="2" name="EducacionIT.EduIT.Laboratorio3" time="9.175" errors="0" timestamp="17 feb. 2025 00:24:56 GMT" skipped="0">
  <testcase classname="EducacionIT.EduIT.Laboratorio3" name="pruebaTest" time="0.211"/>
  <testcase classname="EducacionIT.EduIT.Laboratorio3" name="registrarUsuario" time="8.964"/>
</testsuite> <!-- EducacionIT.EduIT.Laboratorio3 -->
